<?xml version="1.0" encoding="UTF-8"?>
<!-- Generated by org.testng.reporters.JUnitXMLReporter -->
<testsuite hostname="DESKTOP-OH4RT0P" failures="1" tests="3" name="Test" time="53.399" errors="0" timestamp="8 Dec 2019 18:19:18 GMT">
  <testcase classname="techm.techm1.test1" name="Test1" time="7.177"/>
  <testcase classname="techm.techm1.test1" name="Test2" time="16.094"/>
  <testcase classname="techm.techm1.test1" name="Test3" time="1.611">
    <failure type="java.lang.AssertionError" message="expected [Google] but found [Expected title]">
      <![CDATA[java.lang.AssertionError: expected [Google] but found [Expected title]
	at techm.techm1.test1.Test3(test1.java:44)
... Removed 29 stack frames]]>
    </failure>
  </testcase> <!-- Test3 -->
</testsuite> <!-- Test -->
