<?xml version="1.0" encoding="UTF-8"?>
<testng-results total="3" passed="3" failed="0" skipped="0">
  <reporter-output>
  </reporter-output>
  <suite started-at="2019-12-14T06:06:56Z" name="Suite" finished-at="2019-12-14T06:08:32Z" duration-ms="95760">
    <groups>
    </groups>
    <test started-at="2019-12-14T06:06:56Z" name="Test" finished-at="2019-12-14T06:08:32Z" duration-ms="95760">
      <class name="techm.techm1.test1">
        <test-method is-config="true" signature="launchDriver()[pri:0, instance:techm.techm1.test1@4d465b11]" started-at="2019-12-14T11:36:56Z" name="launchDriver" finished-at="2019-12-14T11:37:06Z" duration-ms="10475" status="PASS">
          <reporter-output>
          </reporter-output>
        </test-method> <!-- launchDriver -->
        <test-method signature="Test1()[pri:0, instance:techm.techm1.test1@4d465b11]" started-at="2019-12-14T11:37:06Z" name="Test1" finished-at="2019-12-14T11:37:20Z" duration-ms="13274" status="PASS">
          <reporter-output>
          </reporter-output>
        </test-method> <!-- Test1 -->
        <test-method is-config="true" signature="launchDriver()[pri:0, instance:techm.techm1.test1@4d465b11]" started-at="2019-12-14T11:37:20Z" name="launchDriver" finished-at="2019-12-14T11:37:30Z" duration-ms="9931" status="PASS">
          <reporter-output>
          </reporter-output>
        </test-method> <!-- launchDriver -->
        <test-method signature="Test2()[pri:0, instance:techm.techm1.test1@4d465b11]" started-at="2019-12-14T11:37:30Z" name="Test2" finished-at="2019-12-14T11:38:15Z" duration-ms="45626" status="PASS">
          <reporter-output>
          </reporter-output>
        </test-method> <!-- Test2 -->
        <test-method is-config="true" signature="launchDriver()[pri:0, instance:techm.techm1.test1@4d465b11]" started-at="2019-12-14T11:38:15Z" name="launchDriver" finished-at="2019-12-14T11:38:25Z" duration-ms="9978" status="PASS">
          <reporter-output>
          </reporter-output>
        </test-method> <!-- launchDriver -->
        <test-method signature="Test3()[pri:0, instance:techm.techm1.test1@4d465b11]" started-at="2019-12-14T11:38:25Z" name="Test3" finished-at="2019-12-14T11:38:32Z" duration-ms="6434" status="PASS">
          <reporter-output>
          </reporter-output>
        </test-method> <!-- Test3 -->
      </class> <!-- techm.techm1.test1 -->
    </test> <!-- Test -->
  </suite> <!-- Suite -->
</testng-results>
